<?xml version="1.0" encoding="UTF-8"?>
<!-- Generated by org.testng.reporters.JUnitReportReporter -->
<testsuite hostname="Active30" failures="0" tests="1" name="doubts.Nagu" time="11.069" errors="0" timestamp="2023-04-19T15:13:07 IST" skipped="0">
  <testcase classname="doubts.Nagu" name="testcase" time="11.069"/>
  <system-out/>
</testsuite> <!-- doubts.Nagu -->
