<?xml version="1.0" encoding="UTF-8"?>
<!-- Generated by org.testng.reporters.JUnitReportReporter -->
<testsuite hostname="Active30" failures="0" tests="2" name="com.TestNG.Parallel_passparametertoSetup" time="0.416" errors="0" timestamp="2023-03-28T12:48:15 IST" skipped="0">
  <testcase classname="com.TestNG.Parallel_passparametertoSetup" name="Testcase2" time="0.017"/>
  <system-out/>
  <testcase classname="com.TestNG.Parallel_passparametertoSetup" name="Testcase3" time="0.399"/>
  <system-out/>
</testsuite> <!-- com.TestNG.Parallel_passparametertoSetup -->
