<?xml version="1.0" encoding="UTF-8"?>
<!-- Generated by org.testng.reporters.JUnitReportReporter -->
<testsuite hostname="Active30" failures="0" tests="1" name="com.Robot.Fileupload" time="22.747" errors="0" timestamp="2023-04-17T16:55:45 IST" skipped="0">
  <testcase classname="com.Robot.Fileupload" name="testcase" time="22.747"/>
  <system-out/>
</testsuite> <!-- com.Robot.Fileupload -->
