<?xml version="1.0" encoding="UTF-8"?>
<!-- Generated by org.testng.reporters.JUnitReportReporter -->
<testsuite hostname="Active30" failures="0" tests="3" name="com.TestNG.Parallel_Testing" time="11.825" errors="0" timestamp="2023-03-27T15:19:17 IST" skipped="0">
  <testcase classname="com.TestNG.Parallel_Testing" name="testcase2" time="4.463"/>
  <system-out/>
  <testcase classname="com.TestNG.Parallel_Testing" name="testcase3" time="4.737"/>
  <system-out/>
  <testcase classname="com.TestNG.Parallel_Testing" name="testcase1" time="2.625"/>
  <system-out/>
</testsuite> <!-- com.TestNG.Parallel_Testing -->
