<?xml version="1.0" encoding="UTF-8"?>
<!-- Generated by org.testng.reporters.JUnitReportReporter -->
<testsuite hostname="Active30" failures="0" tests="1" name="com.TestNG.TestngPractice" time="0.008" errors="0" timestamp="2023-03-24T15:29:49 IST" skipped="0">
  <testcase classname="com.TestNG.TestngPractice" name="Titletest" time="0.008"/>
  <system-out/>
</testsuite> <!-- com.TestNG.TestngPractice -->
