<?xml version="1.0" encoding="UTF-8"?>
<!-- Generated by org.testng.reporters.JUnitReportReporter -->
<testsuite hostname="Active30" failures="0" tests="1" name="Kmlfile.Redbus" time="2.376" errors="0" timestamp="2023-04-12T14:53:39 IST" skipped="0">
  <testcase classname="Kmlfile.Redbus" name="testcase1" time="2.376"/>
  <system-out/>
</testsuite> <!-- Kmlfile.Redbus -->
