<?xml version="1.0" encoding="UTF-8"?>
<!-- Generated by org.testng.reporters.JUnitReportReporter -->
<testsuite hostname="Active30" failures="0" tests="2" name="com.TestNG.PassingparameterswithDataprovider" time="17.082" errors="0" timestamp="2023-03-28T14:58:28 IST" skipped="0">
  <testcase classname="com.TestNG.PassingparameterswithDataprovider" name="logintest" time="7.897"/>
  <system-out/>
  <testcase classname="com.TestNG.PassingparameterswithDataprovider" name="logintest" time="9.185"/>
  <system-out/>
</testsuite> <!-- com.TestNG.PassingparameterswithDataprovider -->
