<?xml version="1.0" encoding="UTF-8"?>
<!-- Generated by org.testng.reporters.JUnitReportReporter -->
<testsuite hostname="Active30" failures="0" tests="1" name="com.TestNG.Parameterization" time="6.280" errors="0" timestamp="2023-03-27T11:43:58 IST" skipped="0">
  <testcase classname="com.TestNG.Parameterization" name="logintest" time="6.280"/>
  <system-out/>
</testsuite> <!-- com.TestNG.Parameterization -->
