<?xml version="1.0" encoding="UTF-8"?>
<!-- Generated by org.testng.reporters.JUnitReportReporter -->
<testsuite hostname="Active30" failures="0" tests="4" name="datadrivenTesting.Datadriventesting" time="12.034" errors="0" timestamp="2023-04-25T17:27:14 IST" skipped="0">
  <testcase classname="datadrivenTesting.Datadriventesting" name="testcase1" time="1.610"/>
  <system-out/>
  <testcase classname="datadrivenTesting.Datadriventesting" name="testcase1" time="1.678"/>
  <system-out/>
  <testcase classname="datadrivenTesting.Datadriventesting" name="testcase1" time="1.758"/>
  <system-out/>
  <testcase classname="datadrivenTesting.Datadriventesting" name="testcase1" time="6.988"/>
  <system-out/>
</testsuite> <!-- datadrivenTesting.Datadriventesting -->
