<?xml version="1.0" encoding="UTF-8"?>
<!-- Generated by org.testng.reporters.JUnitReportReporter -->
<testsuite hostname="Active30" failures="0" tests="2" name="com.TestNG.parallelA" time="10.486" errors="0" timestamp="2023-03-28T09:56:58 IST" skipped="0">
  <testcase classname="com.TestNG.parallelA" name="testcase2" time="0.009"/>
  <system-out/>
  <testcase classname="com.TestNG.parallelA" name="testcase1" time="10.477"/>
  <system-out/>
</testsuite> <!-- com.TestNG.parallelA -->
