<?xml version="1.0" encoding="UTF-8"?>
<!-- Generated by org.testng.reporters.JUnitReportReporter -->
<testsuite hostname="Active30" failures="0" tests="2" name="com.TestNG.Parallel_Testing_Method" time="14.214" errors="0" timestamp="2023-03-27T17:32:54 IST" skipped="0">
  <testcase classname="com.TestNG.Parallel_Testing_Method" name="testcase2" time="5.511"/>
  <system-out/>
  <testcase classname="com.TestNG.Parallel_Testing_Method" name="testcase3" time="8.703"/>
  <system-out/>
</testsuite> <!-- com.TestNG.Parallel_Testing_Method -->
