<?xml version="1.0" encoding="UTF-8"?>
<!-- Generated by org.testng.reporters.JUnitReportReporter -->
<testsuite hostname="Active30" failures="0" tests="3" name="Kmlfile.dilip" time="33.333" errors="0" timestamp="2023-04-14T11:37:21 IST" skipped="1">
  <testcase classname="Kmlfile.dilip" name="logodisplay" time="2.740"/>
  <system-out/>
  <testcase classname="Kmlfile.dilip" name="signin" time="30.593"/>
  <system-out/>
  <testcase classname="Kmlfile.dilip" name="product">
    <skipped/>
  </testcase> <!-- product -->
  <system-out/>
</testsuite> <!-- Kmlfile.dilip -->
