<?xml version="1.0" encoding="UTF-8"?>
<!-- Generated by org.testng.reporters.JUnitReportReporter -->
<testsuite hostname="Active30" failures="0" tests="1" name="Kmlfile.Kmlfile" time="2.573" errors="0" timestamp="2023-03-28T17:40:29 IST" skipped="0">
  <testcase classname="Kmlfile.Kmlfile" name="testcase1" time="2.573"/>
  <system-out/>
</testsuite> <!-- Kmlfile.Kmlfile -->
