<?xml version="1.0" encoding="UTF-8"?>
<!-- Generated by org.testng.reporters.JUnitReportReporter -->
<testsuite hostname="Active30" failures="0" tests="1" name="com.TestNG.Annotations" time="0.001" errors="0" timestamp="2023-03-24T15:29:49 IST" skipped="0">
  <testcase classname="com.TestNG.Annotations" name="test" time="0.001"/>
  <system-out/>
</testsuite> <!-- com.TestNG.Annotations -->
