<?xml version="1.0" encoding="UTF-8"?>
<!-- Generated by org.testng.reporters.JUnitReportReporter -->
<testsuite hostname="Active30" failures="0" tests="2" name="com.TestNG.ParallelB" time="0.014" errors="0" timestamp="2023-03-28T09:56:58 IST" skipped="0">
  <testcase classname="com.TestNG.ParallelB" name="testcase2" time="0.002"/>
  <system-out/>
  <testcase classname="com.TestNG.ParallelB" name="testcase1" time="0.012"/>
  <system-out/>
</testsuite> <!-- com.TestNG.ParallelB -->
