<?xml version="1.0" encoding="UTF-8"?>
<!-- Generated by org.testng.reporters.JUnitReportReporter -->
<testsuite hostname="Active30" failures="0" tests="1" name="com.facebook.ArunAnna" time="4.595" errors="0" timestamp="2023-04-04T17:52:05 IST" skipped="0">
  <testcase classname="com.facebook.ArunAnna" name="testcase" time="4.595"/>
  <system-out/>
</testsuite> <!-- com.facebook.ArunAnna -->
