<?xml version="1.0" encoding="UTF-8"?>
<!-- Generated by org.testng.reporters.JUnitReportReporter -->
<testsuite hostname="Active30" failures="0" tests="18" name="com.Amazon.Amazon" time="57.459" errors="0" timestamp="2023-03-23T17:37:01 IST" skipped="1">
  <testcase classname="com.Amazon.Amazon" name="Testcase1" time="2.480"/>
  <system-out/>
  <testcase classname="com.Amazon.Amazon" name="Testcase2" time="0.161"/>
  <system-out/>
  <testcase classname="com.Amazon.Amazon" name="Testcase3" time="0.196"/>
  <system-out/>
  <testcase classname="com.Amazon.Amazon" name="Testcase5" time="0.042"/>
  <system-out/>
  <testcase classname="com.Amazon.Amazon" name="Testcase6" time="0.066"/>
  <system-out/>
  <testcase classname="com.Amazon.Amazon" name="Testcase4" time="11.931"/>
  <system-out/>
  <testcase classname="com.Amazon.Amazon" name="Testcase7" time="4.281"/>
  <system-out/>
  <testcase classname="com.Amazon.Amazon" name="Testcase8" time="1.404"/>
  <system-out/>
  <testcase classname="com.Amazon.Amazon" name="Testcase9" time="0.043"/>
  <system-out/>
  <testcase classname="com.Amazon.Amazon" name="Testcase10" time="0.053"/>
  <system-out/>
  <testcase classname="com.Amazon.Amazon" name="Testcase11" time="3.186"/>
  <system-out/>
  <testcase classname="com.Amazon.Amazon" name="Testcase13" time="2.011"/>
  <system-out/>
  <testcase classname="com.Amazon.Amazon" name="Testcase14" time="0.035"/>
  <system-out/>
  <testcase classname="com.Amazon.Amazon" name="Testcase15" time="10.796"/>
  <system-out/>
  <testcase classname="com.Amazon.Amazon" name="Testcase16" time="4.270"/>
  <system-out/>
  <testcase classname="com.Amazon.Amazon" name="Testcase17" time="11.046"/>
  <system-out/>
  <testcase classname="com.Amazon.Amazon" name="Testcase18" time="5.458"/>
  <system-out/>
  <testcase classname="com.Amazon.Amazon" name="Testcase12">
    <skipped/>
  </testcase> <!-- Testcase12 -->
  <system-out/>
</testsuite> <!-- com.Amazon.Amazon -->
