<?xml version="1.0" encoding="UTF-8"?>
<!-- Generated by org.testng.reporters.JUnitReportReporter -->
<testsuite hostname="Active30" failures="0" tests="2" name="com.AutomationTesting.Ekbazar" time="12.033" errors="0" timestamp="2023-03-23T18:17:12 IST" skipped="0">
  <testcase classname="com.AutomationTesting.Ekbazar" name="test" time="8.448"/>
  <system-out/>
  <testcase classname="com.AutomationTesting.Ekbazar" name="Testcase1" time="3.585"/>
  <system-out/>
</testsuite> <!-- com.AutomationTesting.Ekbazar -->
